<?xml version="1.0" encoding="UTF-8"?>
<testng-results ignored="0" total="1" passed="1" failed="0" skipped="0">
  <reporter-output>
  </reporter-output>
  <suite started-at="2026-01-29T06:08:49 UTC" name="Default suite" finished-at="2026-01-29T06:08:53 UTC" duration-ms="3350">
    <groups>
    </groups>
    <test started-at="2026-01-29T06:08:49 UTC" name="Default test" finished-at="2026-01-29T06:08:53 UTC" duration-ms="3350">
      <class name="ExtentReport.ExtentReportDemo">
        <test-method is-config="true" signature="starttest()[pri:0, instance:ExtentReport.ExtentReportDemo@229f66ed]" started-at="2026-01-29T06:08:49 UTC" name="starttest" finished-at="2026-01-29T06:08:49 UTC" duration-ms="71" status="PASS">
          <reporter-output>
          </reporter-output>
        </test-method> <!-- starttest -->
        <test-method signature="extenttest()[pri:0, instance:ExtentReport.ExtentReportDemo@229f66ed]" started-at="2026-01-29T06:08:49 UTC" name="extenttest" finished-at="2026-01-29T06:08:52 UTC" duration-ms="3046" status="PASS">
          <reporter-output>
          </reporter-output>
        </test-method> <!-- extenttest -->
        <test-method is-config="true" signature="teardown()[pri:0, instance:ExtentReport.ExtentReportDemo@229f66ed]" started-at="2026-01-29T06:08:52 UTC" name="teardown" finished-at="2026-01-29T06:08:53 UTC" duration-ms="198" status="PASS">
          <reporter-output>
          </reporter-output>
        </test-method> <!-- teardown -->
      </class> <!-- ExtentReport.ExtentReportDemo -->
    </test> <!-- Default test -->
  </suite> <!-- Default suite -->
</testng-results>
